{
  "stats": {
    "suites": 3,
    "tests": 3,
    "passes": 3,
    "pending": 0,
    "failures": 0,
    "start": "2025-04-27T01:38:50.750Z",
    "end": "2025-04-27T01:38:52.508Z",
    "duration": 1758,
    "testsRegistered": 3,
    "passPercent": 100,
    "pendingPercent": 0,
    "other": 0,
    "hasOther": false,
    "skipped": 0,
    "hasSkipped": false
  },
  "results": [
    {
      "uuid": "5bb31123-bf89-4df0-b528-83dd5f1322f9",
      "title": "",
      "fullFile": "cypress/e2e/api/api.spec.cy.js",
      "file": "cypress/e2e/api/api.spec.cy.js",
      "beforeHooks": [],
      "afterHooks": [],
      "tests": [],
      "suites": [
        {
          "uuid": "f75f3a76-f22a-4be2-befb-097ecbe2286d",
          "title": "List all usrers",
          "fullFile": "",
          "file": "",
          "beforeHooks": [],
          "afterHooks": [],
          "tests": [
            {
              "title": "Must be return status 200 and list all users",
              "fullTitle": "List all usrers Must be return status 200 and list all users",
              "timedOut": null,
              "duration": 1127,
              "state": "passed",
              "speed": "fast",
              "pass": true,
              "fail": false,
              "pending": false,
              "context": null,
              "code": "cy.request('GET', 'https://serverest.dev/usuarios?administrador=true').should(response => {\n  expect(response.status).to.eq(200);\n  expect(response.body).to.be.an('object');\n  expect(response.body).to.have.property('usuarios').and.to.be.an('array');\n  expect(response.body.usuarios).to.have.length.greaterThan(0);\n  console.log(response.body);\n});",
              "err": {},
              "uuid": "62a4fc79-c636-4fff-a8eb-b51bdcab2c83",
              "parentUUID": "f75f3a76-f22a-4be2-befb-097ecbe2286d",
              "isHook": false,
              "skipped": false
            }
          ],
          "suites": [],
          "passes": [
            "62a4fc79-c636-4fff-a8eb-b51bdcab2c83"
          ],
          "failures": [],
          "pending": [],
          "skipped": [],
          "duration": 1127,
          "root": false,
          "rootEmpty": false,
          "_timeout": 2000
        },
        {
          "uuid": "e1c50660-42e6-4cbe-a76c-a44872c090b3",
          "title": "List user buy id",
          "fullFile": "",
          "file": "",
          "beforeHooks": [],
          "afterHooks": [],
          "tests": [
            {
              "title": "Must be return status 200 and a user refer to id",
              "fullTitle": "List user buy id Must be return status 200 and a user refer to id",
              "timedOut": null,
              "duration": 279,
              "state": "passed",
              "speed": "fast",
              "pass": true,
              "fail": false,
              "pending": false,
              "context": null,
              "code": "cy.request('GET', `https://serverest.dev/usuarios/${userId}`).should(response => {\n  expect(response.status).to.eq(200);\n  expect(response.body).to.have.property('nome'); // Verifica se o corpo da resposta tem a propriedade 'nome'\n  expect(response.body).to.have.property('email'); // Verifica se o corpo da resposta tem a propriedade 'email'\n  expect(response.body).to.have.property('_id').and.to.eq(userId); // Verifica se o ID do usuário é o mesmo fornecido\n});",
              "err": {},
              "uuid": "05508682-16fd-43c3-9474-28ec6d3a21b9",
              "parentUUID": "e1c50660-42e6-4cbe-a76c-a44872c090b3",
              "isHook": false,
              "skipped": false
            }
          ],
          "suites": [],
          "passes": [
            "05508682-16fd-43c3-9474-28ec6d3a21b9"
          ],
          "failures": [],
          "pending": [],
          "skipped": [],
          "duration": 279,
          "root": false,
          "rootEmpty": false,
          "_timeout": 2000
        },
        {
          "uuid": "502ecc1a-7725-4f4e-aba1-6a81deb940eb",
          "title": "API - Crete User",
          "fullFile": "",
          "file": "",
          "beforeHooks": [],
          "afterHooks": [],
          "tests": [
            {
              "title": "Must be created a user and status should be 201",
              "fullTitle": "API - Crete User Must be created a user and status should be 201",
              "timedOut": null,
              "duration": 274,
              "state": "passed",
              "speed": "fast",
              "pass": true,
              "fail": false,
              "pending": false,
              "context": null,
              "code": "const newUser = {\n  nome: nomeAleatorio,\n  email: emailAleatorio,\n  password: \"teste\",\n  administrador: \"true\"\n};\ncy.request({\n  method: 'POST',\n  url: 'https://serverest.dev/usuarios',\n  // Verify the correctly andpoint on swagger\n  body: newUser,\n  // User to be created\n  headers: {\n    'Content-Type': 'application/json' // Define content\n  }\n}).should(response => {\n  expect(response.status).to.eq(201); // Status HTTP esperado (Criado)\n  expect(response.body).to.have.property('message', 'Cadastro realizado com sucesso');\n  expect(response.body).to.have.property('_id');\n});",
              "err": {},
              "uuid": "264a25f4-9474-444c-8a5d-f245407d3777",
              "parentUUID": "502ecc1a-7725-4f4e-aba1-6a81deb940eb",
              "isHook": false,
              "skipped": false
            }
          ],
          "suites": [],
          "passes": [
            "264a25f4-9474-444c-8a5d-f245407d3777"
          ],
          "failures": [],
          "pending": [],
          "skipped": [],
          "duration": 274,
          "root": false,
          "rootEmpty": false,
          "_timeout": 2000
        }
      ],
      "passes": [],
      "failures": [],
      "pending": [],
      "skipped": [],
      "duration": 0,
      "root": true,
      "rootEmpty": true,
      "_timeout": 2000
    }
  ],
  "meta": {
    "mocha": {
      "version": "7.2.0"
    },
    "mochawesome": {
      "options": {
        "quiet": false,
        "reportFilename": "mochawesome",
        "saveHtml": true,
        "saveJson": true,
        "consoleReporter": "spec",
        "useInlineDiffs": false,
        "code": true
      },
      "version": "7.1.3"
    },
    "marge": {
      "options": {
        "reportDir": "cypress/reports",
        "overwrite": false,
        "html": true,
        "json": true
      },
      "version": "6.2.0"
    }
  }
}