{
  "stats": {
    "suites": 1,
    "tests": 1,
    "passes": 1,
    "pending": 0,
    "failures": 0,
    "start": "2025-04-27T01:38:19.322Z",
    "end": "2025-04-27T01:38:29.921Z",
    "duration": 10599,
    "testsRegistered": 1,
    "passPercent": 100,
    "pendingPercent": 0,
    "other": 0,
    "hasOther": false,
    "skipped": 0,
    "hasSkipped": false
  },
  "results": [
    {
      "uuid": "74312fc9-7dcb-4256-8b0c-a9c4dc3646f2",
      "title": "",
      "fullFile": "cypress/e2e/productRegistration.spec.cy.js",
      "file": "cypress/e2e/productRegistration.spec.cy.js",
      "beforeHooks": [],
      "afterHooks": [],
      "tests": [],
      "suites": [
        {
          "uuid": "a2bbc8ff-fc4a-4019-8f38-34f4efd1a5ca",
          "title": "Registration new product",
          "fullFile": "",
          "file": "",
          "beforeHooks": [],
          "afterHooks": [],
          "tests": [
            {
              "title": "Must be possible create a new product no aplication",
              "fullTitle": "Registration new product Must be possible create a new product no aplication",
              "timedOut": null,
              "duration": 10473,
              "state": "passed",
              "speed": "slow",
              "pass": true,
              "fail": false,
              "pending": false,
              "context": null,
              "code": "_productRegistrationPage.default.visit();\n_userLoginPage.default.acessTheLoginPage({\n  email: 'murilomag.galindo@gmail.com',\n  senha: '123456'\n});\ncy.get('[data-testid=\"cadastrarProdutos\"]').click();\n_productRegistrationPage.default.fillProductRegistration({\n  nome: nomeAleatorio,\n  preco: numero,\n  descricao: 'Microsoft Novo laptop Surface (7ª edição) - Windows 11 Home Copilot + PC - Tela LCD PixelSense de 13,8 polegadas - Qualcomm Snapdragon X Elite (12 núcleos) - RAM de 32 GB - SSD de 1 TB - Grafite - ',\n  quantidade: numero,\n  imagem: 'cypress/fixtures/produto-laptop.png'\n});\ncy.contains('Listar Produtos').should('be.visible');\ncy.location('href').should('eq', 'https://front.serverest.dev/admin/listarprodutos');",
              "err": {},
              "uuid": "bf477d48-c6f8-4964-9704-c365aa5ec7a7",
              "parentUUID": "a2bbc8ff-fc4a-4019-8f38-34f4efd1a5ca",
              "isHook": false,
              "skipped": false
            }
          ],
          "suites": [],
          "passes": [
            "bf477d48-c6f8-4964-9704-c365aa5ec7a7"
          ],
          "failures": [],
          "pending": [],
          "skipped": [],
          "duration": 10473,
          "root": false,
          "rootEmpty": false,
          "_timeout": 2000
        }
      ],
      "passes": [],
      "failures": [],
      "pending": [],
      "skipped": [],
      "duration": 0,
      "root": true,
      "rootEmpty": true,
      "_timeout": 2000
    }
  ],
  "meta": {
    "mocha": {
      "version": "7.2.0"
    },
    "mochawesome": {
      "options": {
        "quiet": false,
        "reportFilename": "mochawesome",
        "saveHtml": true,
        "saveJson": true,
        "consoleReporter": "spec",
        "useInlineDiffs": false,
        "code": true
      },
      "version": "7.1.3"
    },
    "marge": {
      "options": {
        "reportDir": "cypress/reports",
        "overwrite": false,
        "html": true,
        "json": true
      },
      "version": "6.2.0"
    }
  }
}