{
  "stats": {
    "suites": 1,
    "tests": 2,
    "passes": 2,
    "pending": 0,
    "failures": 0,
    "start": "2025-05-01T23:06:49.197Z",
    "end": "2025-05-01T23:06:54.936Z",
    "duration": 5739,
    "testsRegistered": 2,
    "passPercent": 100,
    "pendingPercent": 0,
    "other": 0,
    "hasOther": false,
    "skipped": 0,
    "hasSkipped": false
  },
  "results": [
    {
      "uuid": "6920fc69-a8b0-478a-959f-162c8595f1d7",
      "title": "",
      "fullFile": "cypress/e2e/userRegistration.spec.cy.js",
      "file": "cypress/e2e/userRegistration.spec.cy.js",
      "beforeHooks": [],
      "afterHooks": [],
      "tests": [],
      "suites": [
        {
          "uuid": "fc0d95a9-6793-44a1-9d3a-cf628eb20b00",
          "title": "Create User Registration on Serverest platform",
          "fullFile": "",
          "file": "",
          "beforeHooks": [],
          "afterHooks": [],
          "tests": [
            {
              "title": "shold not be possible registered an user with invalidi user name",
              "fullTitle": "Create User Registration on Serverest platform shold not be possible registered an user with invalidi user name",
              "timedOut": null,
              "duration": 3265,
              "state": "passed",
              "speed": "fast",
              "pass": true,
              "fail": false,
              "pending": false,
              "context": null,
              "code": "//userRegistrationPage.visit();\n_userRegistrationPage.default.clickToRegister();\n_userRegistrationPage.default.fillFormToRegisterEmptyName({\n  nome: \"\",\n  email: `murilomag${numero}@gmail.com`,\n  senha: 'user@1234'\n});\n// Assert: Check invalid email message is visible\ncy.contains('Nome é obrigatório').should('be.visible');",
              "err": {},
              "uuid": "2ec92fa9-bb4d-49ef-a49b-3fd4e1eff892",
              "parentUUID": "fc0d95a9-6793-44a1-9d3a-cf628eb20b00",
              "isHook": false,
              "skipped": false
            },
            {
              "title": "shoud be possible to create a register whit sucesse",
              "fullTitle": "Create User Registration on Serverest platform shoud be possible to create a register whit sucesse",
              "timedOut": null,
              "duration": 2418,
              "state": "passed",
              "speed": "fast",
              "pass": true,
              "fail": false,
              "pending": false,
              "context": null,
              "code": "//userRegistrationPage.visit();\n_userRegistrationPage.default.clickToRegister();\n_userRegistrationPage.default.fillFormToRegister({\n  nome: 'Murilo Teste',\n  numero,\n  email: `murilomag${numero}@gmail.com`,\n  senha: 'user@1234'\n});\ncy.contains('Cadastro realizado com sucesso') // Procurar o texto na tela\n.should('be.visible'); // Garantir que ele está visível",
              "err": {},
              "uuid": "091dc13f-bf2d-4d81-a08b-57d5cbbabca5",
              "parentUUID": "fc0d95a9-6793-44a1-9d3a-cf628eb20b00",
              "isHook": false,
              "skipped": false
            }
          ],
          "suites": [],
          "passes": [
            "2ec92fa9-bb4d-49ef-a49b-3fd4e1eff892",
            "091dc13f-bf2d-4d81-a08b-57d5cbbabca5"
          ],
          "failures": [],
          "pending": [],
          "skipped": [],
          "duration": 5683,
          "root": false,
          "rootEmpty": false,
          "_timeout": 2000
        }
      ],
      "passes": [],
      "failures": [],
      "pending": [],
      "skipped": [],
      "duration": 0,
      "root": true,
      "rootEmpty": true,
      "_timeout": 2000
    }
  ],
  "meta": {
    "mocha": {
      "version": "7.2.0"
    },
    "mochawesome": {
      "options": {
        "quiet": false,
        "reportFilename": "mochawesome",
        "saveHtml": true,
        "saveJson": true,
        "consoleReporter": "spec",
        "useInlineDiffs": false,
        "code": true
      },
      "version": "7.1.3"
    },
    "marge": {
      "options": {
        "reportDir": "cypress/reports",
        "overwrite": false,
        "html": true,
        "json": true
      },
      "version": "6.2.0"
    }
  }
}