{
  "stats": {
    "suites": 3,
    "tests": 4,
    "passes": 4,
    "pending": 0,
    "failures": 0,
    "start": "2025-05-01T23:23:24.052Z",
    "end": "2025-05-01T23:23:25.844Z",
    "duration": 1792,
    "testsRegistered": 4,
    "passPercent": 100,
    "pendingPercent": 0,
    "other": 0,
    "hasOther": false,
    "skipped": 0,
    "hasSkipped": false
  },
  "results": [
    {
      "uuid": "d2b05a0c-b620-4afa-add9-fe137dcfdd70",
      "title": "",
      "fullFile": "cypress/e2e/api/api.spec.cy.js",
      "file": "cypress/e2e/api/api.spec.cy.js",
      "beforeHooks": [],
      "afterHooks": [],
      "tests": [],
      "suites": [
        {
          "uuid": "3fc51462-9777-4789-84ba-c4d7df793179",
          "title": "List all usrers",
          "fullFile": "",
          "file": "",
          "beforeHooks": [],
          "afterHooks": [],
          "tests": [
            {
              "title": "Must be return status 200 and list all users",
              "fullTitle": "List all usrers Must be return status 200 and list all users",
              "timedOut": null,
              "duration": 968,
              "state": "passed",
              "speed": "fast",
              "pass": true,
              "fail": false,
              "pending": false,
              "context": null,
              "code": "cy.request('GET', 'https://serverest.dev/usuarios?administrador=true').should(response => {\n  expect(response.status).to.eq(200);\n  expect(response.body).to.be.an('object');\n  expect(response.body).to.have.property('usuarios').and.to.be.an('array');\n  expect(response.body.usuarios).to.have.length.greaterThan(0);\n  console.log(response.body);\n});",
              "err": {},
              "uuid": "42d9e875-469f-40c1-a67b-95aeb30bd391",
              "parentUUID": "3fc51462-9777-4789-84ba-c4d7df793179",
              "isHook": false,
              "skipped": false
            }
          ],
          "suites": [],
          "passes": [
            "42d9e875-469f-40c1-a67b-95aeb30bd391"
          ],
          "failures": [],
          "pending": [],
          "skipped": [],
          "duration": 968,
          "root": false,
          "rootEmpty": false,
          "_timeout": 2000
        },
        {
          "uuid": "9c942c10-3fc2-44c4-bc00-51e02ec1e488",
          "title": "List user by id",
          "fullFile": "",
          "file": "",
          "beforeHooks": [],
          "afterHooks": [],
          "tests": [
            {
              "title": "Must be return status 200 and a user refer to id",
              "fullTitle": "List user by id Must be return status 200 and a user refer to id",
              "timedOut": null,
              "duration": 252,
              "state": "passed",
              "speed": "fast",
              "pass": true,
              "fail": false,
              "pending": false,
              "context": null,
              "code": "cy.request('GET', `https://serverest.dev/usuarios/${userId}`).should(response => {\n  expect(response.status).to.eq(200);\n  expect(response.body).to.have.property('nome'); // Checks if the response body has the 'name' property\n  expect(response.body).to.have.property('email'); // Checks if the response body has the 'email' property\n  expect(response.body).to.have.property('_id').and.to.eq(userId); // Checks if the user ID is the same as the one provided\n});",
              "err": {},
              "uuid": "1ecf58c1-5b9f-4afd-9b2c-1e1a0794e9a0",
              "parentUUID": "9c942c10-3fc2-44c4-bc00-51e02ec1e488",
              "isHook": false,
              "skipped": false
            }
          ],
          "suites": [],
          "passes": [
            "1ecf58c1-5b9f-4afd-9b2c-1e1a0794e9a0"
          ],
          "failures": [],
          "pending": [],
          "skipped": [],
          "duration": 252,
          "root": false,
          "rootEmpty": false,
          "_timeout": 2000
        },
        {
          "uuid": "7dcfa1e8-7c40-40ab-b362-f9552c344388",
          "title": "API - Create User",
          "fullFile": "",
          "file": "",
          "beforeHooks": [],
          "afterHooks": [],
          "tests": [
            {
              "title": "Create user with invalid email status shoud be 400",
              "fullTitle": "API - Create User Create user with invalid email status shoud be 400",
              "timedOut": null,
              "duration": 239,
              "state": "passed",
              "speed": "fast",
              "pass": true,
              "fail": false,
              "pending": false,
              "context": null,
              "code": "const newUser = {\n  nome: nomeAleatorio,\n  email: invalidEmail,\n  password: \"teste\",\n  administrador: \"true\"\n};\ncy.request({\n  method: 'POST',\n  url: 'https://serverest.dev/usuarios',\n  // Verify the correctly andpoint on swagger\n  body: newUser,\n  // User to be created\n  headers: {\n    'Content-Type': 'application/json' // Define content\n  },\n  failOnStatusCode: false\n}).should(response => {\n  expect(response.status).to.eq(400); // Status HTTP esperado (Criado)\n  console.log(expect(response.body).to.have.property('email', 'email deve ser um email válido'));\n  //expect(response.body).to.have.property('_id');\n});",
              "err": {},
              "uuid": "bd07e122-0e8c-486c-9385-0781a5bd010f",
              "parentUUID": "7dcfa1e8-7c40-40ab-b362-f9552c344388",
              "isHook": false,
              "skipped": false
            },
            {
              "title": "Must be created a user and status should be 201",
              "fullTitle": "API - Create User Must be created a user and status should be 201",
              "timedOut": null,
              "duration": 279,
              "state": "passed",
              "speed": "fast",
              "pass": true,
              "fail": false,
              "pending": false,
              "context": null,
              "code": "const newUser = {\n  nome: nomeAleatorio,\n  email: emailAleatorio,\n  password: \"teste\",\n  administrador: \"true\"\n};\ncy.request({\n  method: 'POST',\n  url: 'https://serverest.dev/usuarios',\n  // Verify the correctly andpoint on swagger\n  body: newUser,\n  // User to be created\n  headers: {\n    'Content-Type': 'application/json' // Define content\n  }\n}).should(response => {\n  expect(response.status).to.eq(201); // Status HTTP esperado (Criado)\n  expect(response.body).to.have.property('message', 'Cadastro realizado com sucesso');\n  expect(response.body).to.have.property('_id');\n});",
              "err": {},
              "uuid": "f3832285-a86f-4574-b6eb-ecd61d171759",
              "parentUUID": "7dcfa1e8-7c40-40ab-b362-f9552c344388",
              "isHook": false,
              "skipped": false
            }
          ],
          "suites": [],
          "passes": [
            "bd07e122-0e8c-486c-9385-0781a5bd010f",
            "f3832285-a86f-4574-b6eb-ecd61d171759"
          ],
          "failures": [],
          "pending": [],
          "skipped": [],
          "duration": 518,
          "root": false,
          "rootEmpty": false,
          "_timeout": 2000
        }
      ],
      "passes": [],
      "failures": [],
      "pending": [],
      "skipped": [],
      "duration": 0,
      "root": true,
      "rootEmpty": true,
      "_timeout": 2000
    }
  ],
  "meta": {
    "mocha": {
      "version": "7.2.0"
    },
    "mochawesome": {
      "options": {
        "quiet": false,
        "reportFilename": "mochawesome",
        "saveHtml": true,
        "saveJson": true,
        "consoleReporter": "spec",
        "useInlineDiffs": false,
        "code": true
      },
      "version": "7.1.3"
    },
    "marge": {
      "options": {
        "reportDir": "cypress/reports",
        "overwrite": false,
        "html": true,
        "json": true
      },
      "version": "6.2.0"
    }
  }
}