{
  "stats": {
    "suites": 1,
    "tests": 1,
    "passes": 0,
    "pending": 0,
    "failures": 1,
    "start": "2025-05-01T23:06:18.027Z",
    "end": "2025-05-01T23:06:29.031Z",
    "duration": 11004,
    "testsRegistered": 1,
    "passPercent": 0,
    "pendingPercent": 0,
    "other": 0,
    "hasOther": false,
    "skipped": 0,
    "hasSkipped": false
  },
  "results": [
    {
      "uuid": "adcb4312-98aa-41e0-8b7b-1a3e0302456f",
      "title": "",
      "fullFile": "cypress/e2e/productRegistration.spec.cy.js",
      "file": "cypress/e2e/productRegistration.spec.cy.js",
      "beforeHooks": [],
      "afterHooks": [],
      "tests": [],
      "suites": [
        {
          "uuid": "147f4699-1d62-48f3-ac0a-5aa3a3b435ca",
          "title": "Registration new product",
          "fullFile": "",
          "file": "",
          "beforeHooks": [],
          "afterHooks": [],
          "tests": [
            {
              "title": "Must be possible create a new product on application",
              "fullTitle": "Registration new product Must be possible create a new product on application",
              "timedOut": null,
              "duration": 10936,
              "state": "failed",
              "speed": null,
              "pass": false,
              "fail": true,
              "pending": false,
              "context": null,
              "code": "_userLoginPage.default.acessTheLoginPage({\n  email: 'murilomag.galindo@gmail.com',\n  senha: 'user@1234'\n});\ncy.get('[data-testid=\"cadastrarProdutos\"]', {\n  timeout: 8000\n}).click();\n_productRegistrationPage.default.fillProductRegistration({\n  nome: prouctName,\n  preco: numeroPreco,\n  descricao: 'Microsoft Novo laptop Surface (7ª edição) - Windows 11 Home Copilot + PC - Tela LCD PixelSense de 13,8 polegadas - Qualcomm Snapdragon X Elite (12 núcleos) - RAM de 32 GB - SSD de 1 TB - Grafite - ',\n  quantidade: numeroQuantidade,\n  imagem: 'cypress/fixtures/produto-laptop.png'\n});\ncy.contains('Listar Produtos').should('be.visible');\ncy.location('href').should('eq', 'https://front.serverest.dev/admin/listarprodutos');",
              "err": {
                "message": "AssertionError: Timed out retrying after 8000ms: Expected to find element: `[data-testid=\"cadastrarProdutos\"]`, but never found it.",
                "estack": "AssertionError: Timed out retrying after 8000ms: Expected to find element: `[data-testid=\"cadastrarProdutos\"]`, but never found it.\n    at Context.eval (webpack://desafio-nttdata/./cypress/e2e/productRegistration.spec.cy.js:22:11)",
                "diff": null
              },
              "uuid": "7be6c10c-b15d-40a8-b81b-dce1c8679635",
              "parentUUID": "147f4699-1d62-48f3-ac0a-5aa3a3b435ca",
              "isHook": false,
              "skipped": false
            }
          ],
          "suites": [],
          "passes": [],
          "failures": [
            "7be6c10c-b15d-40a8-b81b-dce1c8679635"
          ],
          "pending": [],
          "skipped": [],
          "duration": 10936,
          "root": false,
          "rootEmpty": false,
          "_timeout": 2000
        }
      ],
      "passes": [],
      "failures": [],
      "pending": [],
      "skipped": [],
      "duration": 0,
      "root": true,
      "rootEmpty": true,
      "_timeout": 2000
    }
  ],
  "meta": {
    "mocha": {
      "version": "7.2.0"
    },
    "mochawesome": {
      "options": {
        "quiet": false,
        "reportFilename": "mochawesome",
        "saveHtml": true,
        "saveJson": true,
        "consoleReporter": "spec",
        "useInlineDiffs": false,
        "code": true
      },
      "version": "7.1.3"
    },
    "marge": {
      "options": {
        "reportDir": "cypress/reports",
        "overwrite": false,
        "html": true,
        "json": true
      },
      "version": "6.2.0"
    }
  }
}