{
  "stats": {
    "suites": 1,
    "tests": 1,
    "passes": 1,
    "pending": 0,
    "failures": 0,
    "start": "2025-04-27T01:38:44.186Z",
    "end": "2025-04-27T01:38:47.876Z",
    "duration": 3690,
    "testsRegistered": 1,
    "passPercent": 100,
    "pendingPercent": 0,
    "other": 0,
    "hasOther": false,
    "skipped": 0,
    "hasSkipped": false
  },
  "results": [
    {
      "uuid": "97221b91-426a-478a-acdd-14029afd5224",
      "title": "",
      "fullFile": "cypress/e2e/userRegistration.spec.cy.js",
      "file": "cypress/e2e/userRegistration.spec.cy.js",
      "beforeHooks": [],
      "afterHooks": [],
      "tests": [],
      "suites": [
        {
          "uuid": "8d85194e-0967-4f23-b260-e3a7363b8ef8",
          "title": "Create User Registration on Serverest platform",
          "fullFile": "",
          "file": "",
          "beforeHooks": [],
          "afterHooks": [],
          "tests": [
            {
              "title": "shoud be possible to create a register whit sucesse",
              "fullTitle": "Create User Registration on Serverest platform shoud be possible to create a register whit sucesse",
              "timedOut": null,
              "duration": 3592,
              "state": "passed",
              "speed": "fast",
              "pass": true,
              "fail": false,
              "pending": false,
              "context": null,
              "code": "_userRegistrationPage.default.visit();\n_userRegistrationPage.default.clickToRegister();\n_userRegistrationPage.default.fillFormToRegister({\n  nome: 'Murilo Teste',\n  email: 'murilomag.galindo@gmail.com',\n  senha: '123456'\n});",
              "err": {},
              "uuid": "96a1eae6-e464-45a3-b283-6c329a853cf9",
              "parentUUID": "8d85194e-0967-4f23-b260-e3a7363b8ef8",
              "isHook": false,
              "skipped": false
            }
          ],
          "suites": [],
          "passes": [
            "96a1eae6-e464-45a3-b283-6c329a853cf9"
          ],
          "failures": [],
          "pending": [],
          "skipped": [],
          "duration": 3592,
          "root": false,
          "rootEmpty": false,
          "_timeout": 2000
        }
      ],
      "passes": [],
      "failures": [],
      "pending": [],
      "skipped": [],
      "duration": 0,
      "root": true,
      "rootEmpty": true,
      "_timeout": 2000
    }
  ],
  "meta": {
    "mocha": {
      "version": "7.2.0"
    },
    "mochawesome": {
      "options": {
        "quiet": false,
        "reportFilename": "mochawesome",
        "saveHtml": true,
        "saveJson": true,
        "consoleReporter": "spec",
        "useInlineDiffs": false,
        "code": true
      },
      "version": "7.1.3"
    },
    "marge": {
      "options": {
        "reportDir": "cypress/reports",
        "overwrite": false,
        "html": true,
        "json": true
      },
      "version": "6.2.0"
    }
  }
}