{
  "stats": {
    "suites": 1,
    "tests": 1,
    "passes": 1,
    "pending": 0,
    "failures": 0,
    "start": "2025-04-27T01:38:39.065Z",
    "end": "2025-04-27T01:38:41.809Z",
    "duration": 2744,
    "testsRegistered": 1,
    "passPercent": 100,
    "pendingPercent": 0,
    "other": 0,
    "hasOther": false,
    "skipped": 0,
    "hasSkipped": false
  },
  "results": [
    {
      "uuid": "afce0b49-4158-4158-b89c-47c8ab94b3b9",
      "title": "",
      "fullFile": "cypress/e2e/userLogin.spec.cy.js",
      "file": "cypress/e2e/userLogin.spec.cy.js",
      "beforeHooks": [],
      "afterHooks": [],
      "tests": [],
      "suites": [
        {
          "uuid": "d8f76232-102b-4d3a-aafb-184cb0de4f1d",
          "title": "User do login on aplication",
          "fullFile": "",
          "file": "",
          "beforeHooks": [],
          "afterHooks": [],
          "tests": [
            {
              "title": "user must be registered on aplication",
              "fullTitle": "User do login on aplication user must be registered on aplication",
              "timedOut": null,
              "duration": 2695,
              "state": "passed",
              "speed": "fast",
              "pass": true,
              "fail": false,
              "pending": false,
              "context": null,
              "code": "_userLoginPage.default.visit();\n_userLoginPage.default.acessTheLoginPage({\n  email: 'murilomag.galindo@gmail.com',\n  senha: '123456'\n});",
              "err": {},
              "uuid": "3a84cb1e-8d82-477d-b886-59e298f487e0",
              "parentUUID": "d8f76232-102b-4d3a-aafb-184cb0de4f1d",
              "isHook": false,
              "skipped": false
            }
          ],
          "suites": [],
          "passes": [
            "3a84cb1e-8d82-477d-b886-59e298f487e0"
          ],
          "failures": [],
          "pending": [],
          "skipped": [],
          "duration": 2695,
          "root": false,
          "rootEmpty": false,
          "_timeout": 2000
        }
      ],
      "passes": [],
      "failures": [],
      "pending": [],
      "skipped": [],
      "duration": 0,
      "root": true,
      "rootEmpty": true,
      "_timeout": 2000
    }
  ],
  "meta": {
    "mocha": {
      "version": "7.2.0"
    },
    "mochawesome": {
      "options": {
        "quiet": false,
        "reportFilename": "mochawesome",
        "saveHtml": true,
        "saveJson": true,
        "consoleReporter": "spec",
        "useInlineDiffs": false,
        "code": true
      },
      "version": "7.1.3"
    },
    "marge": {
      "options": {
        "reportDir": "cypress/reports",
        "overwrite": false,
        "html": true,
        "json": true
      },
      "version": "6.2.0"
    }
  }
}